2026-02-27 22:56:58,807 - COMPREHENSIVE TEST - INFO - Running unit tests...
2026-02-27 22:56:58,813 - COMPREHENSIVE TEST - INFO - [PASS] Rules Engine: All validation tests passed
2026-02-27 22:56:58,813 - COMPREHENSIVE TEST - INFO - [PASS] SabreScreen: Object creation and field tests passed
2026-02-27 22:56:58,814 - COMPREHENSIVE TEST - INFO - [PASS] LatamForm: Object creation and field mapping tests passed
2026-02-27 22:56:58,814 - COMPREHENSIVE TEST - INFO - [PASS] ImageProcessor: Object creation tests passed
2026-02-27 22:56:58,814 - COMPREHENSIVE TEST - INFO - [INFO] Test message
2026-02-27 22:56:58,814 - COMPREHENSIVE TEST - INFO - [PROCESSING] Test processing
2026-02-27 22:56:58,814 - COMPREHENSIVE TEST - INFO - [SUCCESS] Test completed
2026-02-27 22:56:58,814 - COMPREHENSIVE TEST - INFO - [PASS] StatusIndicator: All status tests passed
2026-02-27 22:56:58,814 - COMPREHENSIVE TEST - INFO - [PASS] OverlayWindow: Object creation and property tests passed
2026-02-27 22:56:58,815 - COMPREHENSIVE TEST - INFO - [PASS] Field Mappings: All field mappings from specification are correct
2026-02-27 22:56:58,815 - COMPREHENSIVE TEST - INFO - [PASS] Business Rules: All business rule validations passed
2026-02-27 22:56:58,815 - COMPREHENSIVE TEST - INFO - [FAIL] Name Correction Rules: Error: Invalid correction should require documentation
2026-02-27 22:56:58,815 - COMPREHENSIVE TEST - INFO - [PASS] Rules Engine: All validation tests passed (0.00s)
2026-02-27 22:56:58,815 - COMPREHENSIVE TEST - INFO - [PASS] SabreScreen: Object creation and field tests passed (0.00s)
2026-02-27 22:56:58,815 - COMPREHENSIVE TEST - INFO - [PASS] LatamForm: Object creation and field mapping tests passed (0.00s)
2026-02-27 22:56:58,816 - COMPREHENSIVE TEST - INFO - [PASS] ImageProcessor: Object creation tests passed (0.00s)
2026-02-27 22:56:58,816 - COMPREHENSIVE TEST - INFO - [PASS] StatusIndicator: All status tests passed (0.00s)
2026-02-27 22:56:58,816 - COMPREHENSIVE TEST - INFO - [PASS] OverlayWindow: Object creation and property tests passed (0.00s)
2026-02-27 22:56:58,816 - COMPREHENSIVE TEST - INFO - [PASS] Field Mappings: All field mappings from specification are correct (0.00s)
2026-02-27 22:56:58,816 - COMPREHENSIVE TEST - INFO - [PASS] Business Rules: All business rule validations passed (0.00s)
2026-02-27 22:56:58,816 - COMPREHENSIVE TEST - INFO - [FAIL] Name Correction Rules: Error: Invalid correction should require documentation (0.00s)
2026-02-27 22:56:58,816 - COMPREHENSIVE TEST - INFO - Testing OCR integration...
2026-02-27 22:56:58,816 - COMPREHENSIVE TEST - INFO - [FAIL] OCR Integration: Error: 'SabreOCR' object has no attribute 'extract_text_from_image' (0.00s)
2026-02-27 22:56:58,816 - COMPREHENSIVE TEST - INFO - Testing browser automation...
2026-02-27 22:56:59,373 - COMPREHENSIVE TEST - ERROR - Error initializing browser: BrowserType.launch: Target page, context or browser has been closed
Browser logs:

<launching> /home/codespace/.cache/ms-playwright/chromium-1208/chrome-linux64/chrome --disable-field-trial-config --disable-background-networking --disable-background-timer-throttling --disable-backgrounding-occluded-windows --disable-back-forward-cache --disable-breakpad --disable-client-side-phishing-detection --disable-component-extensions-with-background-pages --disable-component-update --no-default-browser-check --disable-default-apps --disable-dev-shm-usage --disable-extensions --disable-features=AvoidUnnecessaryBeforeUnloadCheckSync,BoundaryEventDispatchTracksNodeRemoval,DestroyProfileOnBrowserClose,DialMediaRouteProvider,GlobalMediaControls,HttpsUpgrades,LensOverlay,MediaRouter,PaintHolding,ThirdPartyStoragePartitioning,Translate,AutoDeElevate,RenderDocument,OptimizationHints --enable-features=CDPScreenshotNewSurface --allow-pre-commit-input --disable-hang-monitor --disable-ipc-flooding-protection --disable-popup-blocking --disable-prompt-on-repost --disable-renderer-backgrounding --force-color-profile=srgb --metrics-recording-only --no-first-run --password-store=basic --use-mock-keychain --no-service-autorun --export-tagged-pdf --disable-search-engine-choice-screen --unsafely-disable-devtools-self-xss-warnings --edge-skip-compat-layer-relaunch --enable-automation --disable-infobars --disable-search-engine-choice-screen --disable-sync --enable-unsafe-swiftshader --no-sandbox --disable-blink-features=AutomationControlled --no-sandbox --disable-dev-shm-usage --disable-extensions --disable-plugins --user-data-dir=/tmp/playwright_chromiumdev_profile-IvlHAb --remote-debugging-pipe --no-startup-window
<launched> pid=54722
[pid=54722][err] /home/codespace/.cache/ms-playwright/chromium-1208/chrome-linux64/chrome: error while loading shared libraries: libatk-1.0.so.0: cannot open shared object file: No such file or directory
Call log:
  - <launching> /home/codespace/.cache/ms-playwright/chromium-1208/chrome-linux64/chrome --disable-field-trial-config --disable-background-networking --disable-background-timer-throttling --disable-backgrounding-occluded-windows --disable-back-forward-cache --disable-breakpad --disable-client-side-phishing-detection --disable-component-extensions-with-background-pages --disable-component-update --no-default-browser-check --disable-default-apps --disable-dev-shm-usage --disable-extensions --disable-features=AvoidUnnecessaryBeforeUnloadCheckSync,BoundaryEventDispatchTracksNodeRemoval,DestroyProfileOnBrowserClose,DialMediaRouteProvider,GlobalMediaControls,HttpsUpgrades,LensOverlay,MediaRouter,PaintHolding,ThirdPartyStoragePartitioning,Translate,AutoDeElevate,RenderDocument,OptimizationHints --enable-features=CDPScreenshotNewSurface --allow-pre-commit-input --disable-hang-monitor --disable-ipc-flooding-protection --disable-popup-blocking --disable-prompt-on-repost --disable-renderer-backgrounding --force-color-profile=srgb --metrics-recording-only --no-first-run --password-store=basic --use-mock-keychain --no-service-autorun --export-tagged-pdf --disable-search-engine-choice-screen --unsafely-disable-devtools-self-xss-warnings --edge-skip-compat-layer-relaunch --enable-automation --disable-infobars --disable-search-engine-choice-screen --disable-sync --enable-unsafe-swiftshader --no-sandbox --disable-blink-features=AutomationControlled --no-sandbox --disable-dev-shm-usage --disable-extensions --disable-plugins --user-data-dir=/tmp/playwright_chromiumdev_profile-IvlHAb --remote-debugging-pipe --no-startup-window
  - <launched> pid=54722
  - [pid=54722][err] /home/codespace/.cache/ms-playwright/chromium-1208/chrome-linux64/chrome: error while loading shared libraries: libatk-1.0.so.0: cannot open shared object file: No such file or directory
  - [pid=54722] <gracefully close start>
  - [pid=54722] <kill>
  - [pid=54722] <will force kill>
  - [pid=54722] exception while trying to kill process: Error: kill ESRCH
  - [pid=54722] <process did exit: exitCode=127, signal=null>
  - [pid=54722] starting temporary directories cleanup
  - [pid=54722] finished temporary directories cleanup
  - [pid=54722] <gracefully close end>

2026-02-27 22:56:59,374 - COMPREHENSIVE TEST - INFO - [FAIL] Browser Automation: Browser initialization failed (0.00s)
2026-02-27 22:56:59,374 - COMPREHENSIVE TEST - INFO - Testing form filling workflow...
2026-02-27 22:56:59,375 - COMPREHENSIVE TEST - INFO - [FAIL] Form Filling Workflow: Error: 'str' object has no attribute 'value' (0.00s)
2026-02-27 22:56:59,375 - COMPREHENSIVE TEST - INFO - Testing UI components...
2026-02-27 22:56:59,375 - COMPREHENSIVE TEST - INFO - [PROCESSING] Test
2026-02-27 22:56:59,375 - COMPREHENSIVE TEST - INFO - [SUCCESS] Test completed
2026-02-27 22:56:59,375 - COMPREHENSIVE TEST - INFO - [PASS] UI Components: UI components work correctly (0.00s)
2026-02-27 22:56:59,375 - COMPREHENSIVE TEST - INFO - Testing business rules...
2026-02-27 22:56:59,375 - COMPREHENSIVE TEST - INFO - [PASS] Business Rules: All business rules work correctly (0.00s)
2026-02-27 22:56:59,375 - COMPREHENSIVE TEST - INFO - Testing name correction rules...
2026-02-27 22:56:59,376 - COMPREHENSIVE TEST - INFO - [FAIL] Name Correction Rules: Error: Orthographic correction test failed for ALBERTO -> ALBERNO (0.00s)
2026-02-27 22:56:59,376 - COMPREHENSIVE TEST - INFO - Testing performance requirements...
2026-02-27 22:56:59,376 - COMPREHENSIVE TEST - INFO - [PASS] Performance Requirements: Performance within limits (OCR: 0.00s, Form: 0.00s) (0.00s)
2026-02-27 22:56:59,376 - COMPREHENSIVE TEST - INFO - Testing error handling...
2026-02-27 22:56:59,376 - COMPREHENSIVE TEST - INFO - [PASS] Error Handling: Error handling works correctly (0.00s)
2026-02-27 22:56:59,377 - COMPREHENSIVE TEST - INFO - Testing specification compliance...
2026-02-27 22:56:59,377 - COMPREHENSIVE TEST - INFO - [PASS] Specification Compliance: All specification requirements met (0.00s)
